TN:
SF:script/Demo.s.sol
DA:44,0
FN:44,Demo.run
FNDA:0,Demo.run
DA:45,0
DA:46,0
DA:49,0
DA:50,0
DA:51,0
DA:52,0
DA:54,0
DA:55,0
DA:56,0
DA:57,0
DA:58,0
DA:59,0
DA:65,0
DA:71,0
DA:77,0
DA:83,0
DA:89,0
DA:95,0
DA:101,0
DA:107,0
DA:109,0
DA:116,0
FN:116,Demo.step1_deploy
FNDA:0,Demo.step1_deploy
DA:117,0
DA:119,0
DA:122,0
DA:123,0
DA:124,0
DA:125,0
DA:126,0
DA:129,0
DA:130,0
DA:131,0
DA:132,0
DA:135,0
DA:136,0
DA:137,0
DA:138,0
DA:139,0
DA:142,0
DA:143,0
DA:144,0
DA:145,0
DA:146,0
DA:149,0
DA:150,0
DA:151,0
DA:152,0
DA:155,0
DA:156,0
DA:157,0
DA:158,0
DA:161,0
DA:162,0
DA:163,0
DA:164,0
DA:167,0
DA:168,0
DA:171,0
DA:172,0
DA:175,0
DA:176,0
DA:177,0
DA:179,0
DA:180,0
DA:182,0
DA:183,0
DA:186,0
DA:187,0
DA:188,0
DA:189,0
DA:190,0
DA:193,0
DA:194,0
DA:195,0
DA:196,0
DA:197,0
DA:198,0
DA:200,0
DA:202,0
DA:209,0
FN:209,Demo.step2_registration
FNDA:0,Demo.step2_registration
DA:210,0
DA:212,0
DA:215,0
DA:216,0
DA:217,0
DA:218,0
DA:219,0
DA:220,0
DA:223,0
DA:224,0
DA:225,0
DA:226,0
DA:227,0
DA:228,0
DA:230,0
DA:232,0
DA:239,0
FN:239,Demo.step3_allowlisting
FNDA:0,Demo.step3_allowlisting
DA:240,0
DA:242,0
DA:244,0
DA:245,0
DA:248,0
DA:249,0
DA:250,0
DA:251,0
DA:252,0
DA:253,0
DA:256,0
DA:257,0
DA:258,0
DA:259,0
DA:260,0
DA:261,0
DA:263,0
DA:265,0
DA:272,0
FN:272,Demo.step4_resourceMinting
FNDA:0,Demo.step4_resourceMinting
DA:273,0
DA:275,0
DA:278,0
DA:279,0
DA:280,0
DA:281,0
DA:282,0
DA:283,0
DA:286,0
DA:287,0
DA:288,0
DA:289,0
DA:290,0
DA:291,0
DA:293,0
DA:295,0
DA:302,0
FN:302,Demo.step5_trading
FNDA:0,Demo.step5_trading
DA:303,0
DA:306,0
DA:307,0
DA:308,0
DA:309,0
DA:310,0
DA:311,0
DA:313,0
DA:316,0
DA:319,0
DA:321,0
DA:323,0
DA:324,0
DA:325,0
DA:328,0
DA:329,0
DA:330,0
DA:331,0
DA:332,0
DA:333,0
DA:334,0
DA:336,0
DA:339,0
DA:342,0
DA:344,0
DA:347,0
DA:348,0
DA:349,0
DA:350,0
DA:351,0
DA:352,0
DA:354,0
DA:361,0
FN:361,Demo.step6_reputation
FNDA:0,Demo.step6_reputation
DA:362,0
DA:364,0
DA:365,0
DA:368,0
DA:369,0
DA:371,0
DA:372,0
DA:373,0
DA:374,0
DA:375,0
DA:376,0
DA:378,0
DA:379,0
DA:380,0
DA:381,0
DA:382,0
DA:383,0
DA:385,0
DA:386,0
DA:387,0
DA:388,0
DA:389,0
DA:391,0
DA:392,0
DA:393,0
DA:395,0
DA:402,0
FN:402,Demo.step7_auditVerification
FNDA:0,Demo.step7_auditVerification
DA:403,0
DA:405,0
DA:406,0
DA:408,0
DA:409,0
DA:410,0
DA:411,0
DA:412,0
DA:414,0
DA:415,0
DA:417,0
DA:418,0
DA:419,0
DA:420,0
DA:422,0
DA:423,0
DA:424,0
DA:425,0
DA:427,0
DA:428,0
DA:435,0
DA:437,0
DA:438,0
DA:439,0
DA:440,0
DA:441,0
DA:442,0
DA:443,0
DA:445,0
DA:446,0
DA:447,0
DA:448,0
DA:449,0
DA:451,0
DA:458,0
FN:458,Demo.step8_securityDemonstration
FNDA:0,Demo.step8_securityDemonstration
DA:459,0
DA:461,0
DA:462,0
DA:463,0
DA:465,0
DA:466,0
DA:467,0
DA:468,0
DA:469,0
DA:470,0
DA:471,0
DA:474,0
DA:475,0
DA:476,0
DA:477,0
DA:480,0
DA:481,0
DA:483,0
DA:485,0
DA:486,0
BRDA:486,0,0,-
DA:487,0
DA:488,0
BRDA:488,0,1,-
DA:489,0
DA:490,0
DA:491,0
DA:492,0
BRDA:492,0,2,-
DA:493,0
DA:494,0
DA:495,0
DA:498,0
DA:500,0
DA:501,0
DA:502,0
BRDA:502,1,0,-
BRDA:502,1,1,-
DA:503,0
DA:504,0
DA:505,0
DA:507,0
DA:509,0
DA:511,0
DA:518,0
FN:518,Demo.printHeader
FNDA:0,Demo.printHeader
DA:519,0
DA:520,0
DA:521,0
DA:522,0
DA:523,0
DA:524,0
DA:525,0
DA:526,0
DA:527,0
DA:528,0
DA:529,0
DA:530,0
DA:531,0
DA:534,0
FN:534,Demo.printStepHeader
FNDA:0,Demo.printStepHeader
DA:535,0
DA:536,0
DA:537,0
DA:538,0
DA:539,0
DA:540,0
DA:543,0
FN:543,Demo.printFooter
FNDA:0,Demo.printFooter
DA:544,0
DA:545,0
DA:546,0
DA:547,0
DA:548,0
DA:549,0
DA:550,0
DA:551,0
DA:552,0
DA:553,0
DA:554,0
DA:555,0
DA:556,0
DA:557,0
DA:558,0
DA:559,0
DA:560,0
DA:561,0
DA:562,0
DA:563,0
DA:564,0
DA:565,0
DA:566,0
DA:567,0
FNF:12
FNH:0
LF:314
LH:0
BRF:5
BRH:0
end_of_record
TN:
SF:script/Deploy.s.sol
DA:22,0
FN:22,Deploy.run
FNDA:0,Deploy.run
DA:23,0
DA:24,0
DA:26,0
DA:27,0
DA:28,0
DA:29,0
DA:30,0
DA:31,0
DA:33,0
DA:36,0
DA:37,0
DA:38,0
DA:39,0
DA:42,0
DA:43,0
DA:44,0
DA:45,0
DA:48,0
DA:49,0
DA:50,0
DA:51,0
DA:54,0
DA:55,0
DA:56,0
DA:57,0
DA:60,0
DA:61,0
DA:62,0
DA:63,0
DA:66,0
DA:67,0
DA:68,0
DA:69,0
DA:72,0
DA:73,0
DA:74,0
DA:75,0
DA:78,0
DA:79,0
DA:80,0
DA:81,0
DA:82,0
DA:85,0
DA:86,0
DA:87,0
DA:89,0
DA:90,0
DA:92,0
DA:93,0
DA:94,0
DA:97,0
DA:98,0
DA:99,0
DA:100,0
DA:101,0
DA:102,0
DA:103,0
DA:104,0
DA:106,0
DA:109,0
DA:110,0
DA:111,0
DA:112,0
DA:113,0
DA:114,0
DA:115,0
DA:116,0
DA:117,0
DA:118,0
DA:119,0
DA:120,0
DA:121,0
DA:122,0
DA:123,0
DA:124,0
DA:125,0
DA:126,0
DA:127,0
DA:128,0
DA:129,0
DA:130,0
DA:131,0
DA:132,0
DA:133,0
DA:134,0
DA:135,0
DA:136,0
DA:137,0
DA:138,0
DA:139,0
DA:140,0
FNF:1
FNH:0
LF:92
LH:0
BRF:0
BRH:0
end_of_record
TN:
SF:src/AgentRegistry.sol
DA:78,0
FN:78,AgentRegistry.constructor
FNDA:0,AgentRegistry.constructor
DA:79,0
BRDA:79,0,0,-
DA:81,0
DA:82,0
DA:83,0
DA:94,0
FN:94,AgentRegistry.registerAgent
FNDA:0,AgentRegistry.registerAgent
DA:99,0
BRDA:99,1,0,-
DA:100,0
BRDA:100,2,0,-
DA:102,0
DA:104,0
DA:105,0
DA:106,0
DA:108,0
DA:118,0
FN:118,AgentRegistry.updateAllowlist
FNDA:0,AgentRegistry.updateAllowlist
DA:119,0
DA:120,0
DA:122,0
DA:128,0
FN:128,AgentRegistry.grantAction
FNDA:0,AgentRegistry.grantAction
DA:129,0
DA:130,0
DA:132,0
DA:138,0
FN:138,AgentRegistry.revokeAction
FNDA:0,AgentRegistry.revokeAction
DA:139,0
DA:140,0
DA:142,0
DA:154,0
FN:154,AgentRegistry.validateAction
FNDA:0,AgentRegistry.validateAction
DA:155,0
DA:156,0
BRDA:156,3,0,-
DA:157,0
BRDA:157,4,0,-
DA:158,0
DA:160,0
DA:166,0
FN:166,AgentRegistry.isRegistered
FNDA:0,AgentRegistry.isRegistered
DA:167,0
DA:174,0
FN:174,AgentRegistry.isActionPermitted
FNDA:0,AgentRegistry.isActionPermitted
DA:175,0
DA:176,0
BRDA:176,5,0,-
DA:177,0
DA:194,0
FN:194,AgentRegistry.verifyGuardSignature
FNDA:0,AgentRegistry.verifyGuardSignature
DA:202,0
BRDA:202,6,0,-
DA:204,0
DA:208,0
DA:209,0
DA:211,0
BRDA:211,7,0,-
DA:221,0
FN:221,AgentRegistry.updateAgentURI
FNDA:0,AgentRegistry.updateAgentURI
DA:222,0
DA:223,0
DA:225,0
DA:229,0
FN:229,AgentRegistry.tokenURI
FNDA:0,AgentRegistry.tokenURI
DA:230,0
DA:231,0
DA:241,0
FN:241,AgentRegistry._update
FNDA:0,AgentRegistry._update
DA:242,0
DA:244,0
BRDA:244,8,0,-
DA:245,0
DA:247,0
DA:250,0
FN:250,AgentRegistry.supportsInterface
FNDA:0,AgentRegistry.supportsInterface
DA:251,0
FNF:13
FNH:0
LF:57
LH:0
BRF:9
BRH:0
end_of_record
TN:
SF:src/AuditLog.sol
DA:43,0
FN:43,AuditLog.constructor
FNDA:0,AuditLog.constructor
DA:44,0
BRDA:44,0,0,-
BRDA:44,0,1,-
DA:45,0
DA:56,0
FN:56,AuditLog.logAction
FNDA:0,AuditLog.logAction
DA:57,0
DA:66,0
FN:66,AuditLog.getActionTypes
FNDA:0,AuditLog.getActionTypes
DA:78,0
FNF:3
FNH:0
LF:7
LH:0
BRF:2
BRH:0
end_of_record
TN:
SF:src/BuildingRegistry.sol
DA:108,0
FN:108,BuildingRegistry.constructor
FNDA:0,BuildingRegistry.constructor
DA:118,0
DA:119,0
DA:120,0
DA:121,0
DA:122,0
DA:123,0
DA:124,0
DA:125,0
DA:127,0
DA:128,0
DA:130,0
DA:139,0
FN:139,BuildingRegistry._initializeRecipes
FNDA:0,BuildingRegistry._initializeRecipes
DA:141,0
DA:144,0
DA:147,0
DA:150,0
DA:153,0
DA:156,0
DA:159,0
DA:162,0
DA:165,0
DA:168,0
DA:171,0
DA:174,0
DA:177,0
DA:180,0
DA:183,0
DA:186,0
DA:190,0
FN:190,BuildingRegistry._buildResourceArray
FNDA:0,BuildingRegistry._buildResourceArray
DA:191,0
DA:192,0
DA:193,0
DA:194,0
BRDA:194,0,0,-
DA:196,0
DA:197,0
DA:198,0
DA:199,0
BRDA:199,1,0,-
DA:200,0
DA:203,0
DA:207,0
FN:207,BuildingRegistry._buildAmountArray
FNDA:0,BuildingRegistry._buildAmountArray
DA:208,0
DA:209,0
DA:210,0
DA:211,0
BRDA:211,2,0,-
DA:213,0
DA:214,0
DA:215,0
DA:216,0
BRDA:216,3,0,-
DA:217,0
DA:220,0
DA:224,0
FN:224,BuildingRegistry._setRecipe
FNDA:0,BuildingRegistry._setRecipe
DA:225,0
BRDA:225,4,0,-
BRDA:225,4,1,-
DA:226,0
DA:238,0
FN:238,BuildingRegistry.construct
FNDA:0,BuildingRegistry.construct
DA:240,0
DA:241,0
BRDA:241,5,0,-
BRDA:241,5,1,-
DA:244,0
BRDA:244,6,0,-
BRDA:244,6,1,-
DA:247,0
DA:248,0
BRDA:248,7,0,-
BRDA:248,7,1,-
DA:251,0
DA:252,0
DA:253,0
DA:257,0
DA:258,0
DA:261,0
DA:274,0
DA:276,0
DA:286,0
FN:286,BuildingRegistry.claimProduction
FNDA:0,BuildingRegistry.claimProduction
DA:287,0
BRDA:287,8,0,-
BRDA:287,8,1,-
DA:289,0
DA:292,0
DA:293,0
BRDA:293,9,0,-
BRDA:293,9,1,-
DA:296,0
DA:297,0
DA:301,0
DA:304,0
BRDA:304,10,0,-
DA:305,0
DA:309,0
DA:312,0
DA:315,0
DA:316,0
BRDA:316,11,0,-
DA:317,0
DA:318,0
DA:323,0
FN:323,BuildingRegistry._getTierMultiplier
FNDA:0,BuildingRegistry._getTierMultiplier
DA:324,0
BRDA:324,12,0,-
DA:325,0
BRDA:325,13,0,-
DA:326,0
BRDA:326,14,0,-
DA:327,0
DA:331,0
FN:331,BuildingRegistry._calculateWorkerEfficiency
FNDA:0,BuildingRegistry._calculateWorkerEfficiency
DA:332,0
DA:335,0
BRDA:335,15,0,-
DA:336,0
DA:340,0
DA:341,0
BRDA:341,16,0,-
DA:342,0
BRDA:342,17,0,-
DA:344,0
DA:348,0
FN:348,BuildingRegistry._burnTalentUpkeep
FNDA:0,BuildingRegistry._burnTalentUpkeep
DA:349,0
DA:351,0
BRDA:351,18,0,-
DA:352,0
DA:353,0
DA:355,0
BRDA:355,19,0,-
DA:356,0
DA:357,0
DA:363,0
FN:363,BuildingRegistry._burnProcessingInputs
FNDA:0,BuildingRegistry._burnProcessingInputs
DA:364,0
DA:367,0
DA:368,0
DA:370,0
BRDA:370,20,0,-
BRDA:370,20,1,-
DA:371,0
BRDA:371,21,0,-
DA:372,0
DA:373,0
DA:375,0
BRDA:375,22,0,-
DA:376,0
DA:377,0
DA:379,0
BRDA:379,23,0,-
DA:380,0
DA:382,0
BRDA:382,24,0,-
DA:383,0
DA:384,0
DA:386,0
BRDA:386,25,0,-
DA:387,0
DA:388,0
DA:390,0
BRDA:390,26,0,-
DA:391,0
DA:392,0
DA:398,0
FN:398,BuildingRegistry._getOutputResource
FNDA:0,BuildingRegistry._getOutputResource
DA:399,0
BRDA:399,27,0,-
DA:400,0
BRDA:400,28,0,-
DA:401,0
BRDA:401,29,0,-
DA:402,0
BRDA:402,30,0,-
DA:403,0
BRDA:403,31,0,-
DA:404,0
BRDA:404,32,0,-
DA:405,0
BRDA:405,33,0,-
DA:407,0
DA:413,0
FN:413,BuildingRegistry.setWorkerAllocation
FNDA:0,BuildingRegistry.setWorkerAllocation
DA:414,0
BRDA:414,34,0,-
BRDA:414,34,1,-
DA:416,0
DA:418,0
DA:424,0
FN:424,BuildingRegistry.getWorkerEfficiency
FNDA:0,BuildingRegistry.getWorkerEfficiency
DA:425,0
DA:434,0
FN:434,BuildingRegistry.initiateUpgrade
FNDA:0,BuildingRegistry.initiateUpgrade
DA:435,0
BRDA:435,35,0,-
BRDA:435,35,1,-
DA:437,0
DA:438,0
BRDA:438,36,0,-
BRDA:438,36,1,-
DA:439,0
BRDA:439,37,0,-
BRDA:439,37,1,-
DA:441,0
DA:442,0
DA:447,0
FN:447,BuildingRegistry.finaliseUpgrade
FNDA:0,BuildingRegistry.finaliseUpgrade
DA:448,0
BRDA:448,38,0,-
BRDA:448,38,1,-
DA:450,0
DA:451,0
BRDA:451,39,0,-
BRDA:451,39,1,-
DA:452,0
BRDA:452,40,0,-
BRDA:452,40,1,-
DA:454,0
DA:455,0
DA:456,0
DA:458,0
DA:467,0
FN:467,BuildingRegistry.demolish
FNDA:0,BuildingRegistry.demolish
DA:468,0
BRDA:468,41,0,-
BRDA:468,41,1,-
DA:470,0
DA:473,0
DA:476,0
DA:478,0
DA:488,0
FN:488,BuildingRegistry.getBuildingInfo
FNDA:0,BuildingRegistry.getBuildingInfo
DA:489,0
BRDA:489,42,0,-
BRDA:489,42,1,-
DA:490,0
DA:497,0
FN:497,BuildingRegistry.getRecipe
FNDA:0,BuildingRegistry.getRecipe
DA:498,0
DA:505,0
FN:505,BuildingRegistry._update
FNDA:0,BuildingRegistry._update
DA:510,0
DA:513,0
FN:513,BuildingRegistry._increaseBalance
FNDA:0,BuildingRegistry._increaseBalance
DA:514,0
DA:517,0
FN:517,BuildingRegistry.tokenURI
FNDA:0,BuildingRegistry.tokenURI
DA:518,0
DA:521,0
FN:521,BuildingRegistry.supportsInterface
FNDA:0,BuildingRegistry.supportsInterface
DA:527,0
FNF:23
FNH:0
LF:177
LH:0
BRF:59
BRH:0
end_of_record
TN:
SF:src/EventOracle.sol
DA:81,0
FN:81,EventOracle.constructor
FNDA:0,EventOracle.constructor
DA:82,0
DA:88,0
FN:88,EventOracle.getEventDigest
FNDA:0,EventOracle.getEventDigest
DA:90,0
DA:91,0
DA:92,0
DA:102,0
DA:104,0
DA:117,0
DA:123,0
FN:123,EventOracle.publishEvent
FNDA:0,EventOracle.publishEvent
DA:124,0
BRDA:124,0,0,-
BRDA:124,0,1,-
DA:127,0
DA:128,0
DA:129,0
BRDA:129,1,0,-
BRDA:129,1,1,-
DA:132,0
DA:134,0
DA:146,0
FN:146,EventOracle.publishHighSeverityEvent
FNDA:0,EventOracle.publishHighSeverityEvent
DA:151,0
BRDA:151,2,0,-
BRDA:151,2,1,-
DA:152,0
BRDA:152,3,0,-
BRDA:152,3,1,-
DA:155,0
DA:157,0
DA:158,0
DA:160,0
BRDA:160,4,0,-
BRDA:160,4,1,-
DA:161,0
BRDA:161,5,0,-
BRDA:161,5,1,-
DA:162,0
BRDA:162,6,0,-
BRDA:162,6,1,-
DA:165,0
DA:167,0
DA:177,0
FN:177,EventOracle.resolveEvent
FNDA:0,EventOracle.resolveEvent
DA:178,0
BRDA:178,7,0,-
BRDA:178,7,1,-
DA:180,0
DA:185,0
FN:185,EventOracle.getActiveEvents
FNDA:0,EventOracle.getActiveEvents
DA:186,0
DA:189,0
DA:190,0
DA:191,0
BRDA:191,8,0,-
DA:192,0
DA:197,0
DA:198,0
DA:200,0
DA:201,0
DA:202,0
BRDA:202,9,0,-
DA:203,0
DA:204,0
DA:208,0
DA:215,0
FN:215,EventOracle.getResourceModifier
FNDA:0,EventOracle.getResourceModifier
DA:220,0
DA:221,0
DA:223,0
DA:224,0
DA:227,0
BRDA:227,10,0,-
DA:228,0
DA:229,0
BRDA:229,11,0,-
DA:230,0
DA:231,0
DA:237,0
DA:243,0
FN:243,EventOracle.getEvent
FNDA:0,EventOracle.getEvent
DA:244,0
DA:248,0
FN:248,EventOracle._storeEvent
FNDA:0,EventOracle._storeEvent
DA:250,0
DA:251,0
DA:252,0
DA:253,0
DA:254,0
DA:255,0
DA:256,0
DA:259,0
DA:260,0
DA:263,0
FNF:9
FNH:0
LF:68
LH:0
BRF:20
BRH:0
end_of_record
TN:
SF:src/HedgeFactory.sol
DA:77,0
FN:77,HedgeFactory.constructor
FNDA:0,HedgeFactory.constructor
DA:78,0
BRDA:78,0,0,-
BRDA:78,0,1,-
DA:79,0
DA:80,0
DA:81,0
DA:91,0
FN:91,HedgeFactory.createHedge
FNDA:0,HedgeFactory.createHedge
DA:92,0
BRDA:92,1,0,-
BRDA:92,1,1,-
DA:93,0
BRDA:93,2,0,-
BRDA:93,2,1,-
DA:94,0
BRDA:94,3,0,-
BRDA:94,3,1,-
DA:95,0
BRDA:95,4,0,-
BRDA:95,4,1,-
DA:96,0
BRDA:96,5,0,-
BRDA:96,5,1,-
DA:98,0
DA:101,0
DA:103,0
DA:113,0
DA:115,0
DA:120,0
FN:120,HedgeFactory.matchHedge
FNDA:0,HedgeFactory.matchHedge
DA:121,0
DA:122,0
BRDA:122,6,0,-
BRDA:122,6,1,-
DA:123,0
BRDA:123,7,0,-
BRDA:123,7,1,-
DA:124,0
BRDA:124,8,0,-
BRDA:124,8,1,-
DA:127,0
DA:130,0
DA:132,0
DA:137,0
FN:137,HedgeFactory.settleHedge
FNDA:0,HedgeFactory.settleHedge
DA:138,0
DA:139,0
BRDA:139,9,0,-
BRDA:139,9,1,-
DA:140,0
BRDA:140,10,0,-
BRDA:140,10,1,-
DA:141,0
BRDA:141,11,0,-
BRDA:141,11,1,-
DA:142,0
BRDA:142,12,0,-
BRDA:142,12,1,-
DA:148,0
DA:151,0
DA:154,0
DA:157,0
DA:160,0
DA:161,0
DA:166,0
BRDA:166,13,0,-
BRDA:166,13,1,-
DA:168,0
DA:171,0
DA:172,0
DA:175,0
DA:180,0
FN:180,HedgeFactory.cancelUnmatchedHedge
FNDA:0,HedgeFactory.cancelUnmatchedHedge
DA:181,0
DA:182,0
BRDA:182,14,0,-
BRDA:182,14,1,-
DA:183,0
BRDA:183,15,0,-
BRDA:183,15,1,-
DA:184,0
BRDA:184,16,0,-
BRDA:184,16,1,-
DA:185,0
BRDA:185,17,0,-
BRDA:185,17,1,-
DA:188,0
DA:191,0
DA:193,0
DA:199,0
FN:199,HedgeFactory.getHedge
FNDA:0,HedgeFactory.getHedge
DA:200,0
DA:210,0
FN:210,HedgeFactory._getInitialPrice
FNDA:0,HedgeFactory._getInitialPrice
DA:215,0
DA:221,0
FN:221,HedgeFactory._getTWAPPrice
FNDA:0,HedgeFactory._getTWAPPrice
DA:227,0
DA:234,0
FN:234,HedgeFactory._calculatePriceChangeBps
FNDA:0,HedgeFactory._calculatePriceChangeBps
DA:239,0
BRDA:239,18,0,-
DA:240,0
DA:243,0
DA:244,0
DA:245,0
DA:252,0
FN:252,HedgeFactory._determineWinner
FNDA:0,HedgeFactory._determineWinner
DA:257,0
DA:259,0
BRDA:259,19,0,-
BRDA:259,19,1,-
DA:261,0
BRDA:261,20,0,-
BRDA:261,20,1,-
DA:262,0
DA:263,0
BRDA:263,21,0,-
DA:264,0
DA:268,0
BRDA:268,22,0,-
BRDA:268,22,1,-
DA:269,0
DA:270,0
BRDA:270,23,0,-
DA:271,0
DA:276,0
FNF:10
FNH:0
LF:74
LH:0
BRF:45
BRH:0
end_of_record
TN:
SF:src/InformationMarket.sol
DA:78,0
FN:78,InformationMarket.constructor
FNDA:0,InformationMarket.constructor
DA:79,0
BRDA:79,0,0,-
DA:80,0
BRDA:80,1,0,-
DA:82,0
DA:84,0
DA:85,0
DA:88,0
DA:89,0
DA:100,0
FN:100,InformationMarket.subscribe
FNDA:0,InformationMarket.subscribe
DA:102,0
BRDA:102,2,0,-
DA:103,0
DA:106,0
DA:107,0
BRDA:107,3,0,-
BRDA:107,3,1,-
DA:110,0
DA:111,0
DA:114,0
DA:115,0
DA:117,0
DA:123,0
FN:123,InformationMarket.renew
FNDA:0,InformationMarket.renew
DA:125,0
DA:126,0
BRDA:126,4,0,-
BRDA:126,4,1,-
DA:128,0
DA:129,0
BRDA:129,5,0,-
BRDA:129,5,1,-
DA:132,0
DA:135,0
DA:138,0
DA:139,0
DA:141,0
DA:147,0
FN:147,InformationMarket.getTierAccess
FNDA:0,InformationMarket.getTierAccess
DA:148,0
DA:151,0
BRDA:151,6,0,-
DA:154,0
BRDA:154,7,0,-
DA:155,0
DA:159,0
DA:165,0
FN:165,InformationMarket.isSubscriptionActive
FNDA:0,InformationMarket.isSubscriptionActive
DA:166,0
DA:167,0
DA:173,0
FN:173,InformationMarket.getSubscription
FNDA:0,InformationMarket.getSubscription
DA:174,0
DA:180,0
FN:180,InformationMarket.getTierPrice
FNDA:0,InformationMarket.getTierPrice
DA:181,0
DA:192,0
FN:192,InformationMarket.setTierPrice
FNDA:0,InformationMarket.setTierPrice
DA:196,0
BRDA:196,8,0,-
DA:197,0
DA:200,0
DA:201,0
DA:209,0
FN:209,InformationMarket.max
FNDA:0,InformationMarket.max
DA:210,0
FNF:9
FNH:0
LF:48
LH:0
BRF:12
BRH:0
end_of_record
TN:
SF:src/InsurancePool.sol
DA:95,0
FN:95,InsurancePool.constructor
FNDA:0,InsurancePool.constructor
DA:96,0
BRDA:96,0,0,-
DA:98,0
DA:100,0
DA:109,0
FN:109,InsurancePool.stake
FNDA:0,InsurancePool.stake
DA:110,0
BRDA:110,1,0,-
DA:112,0
DA:114,0
BRDA:114,2,0,-
BRDA:114,2,1,-
DA:116,0
DA:119,0
DA:123,0
DA:124,0
DA:125,0
DA:128,0
DA:130,0
DA:139,0
FN:139,InsurancePool.initiateUnstake
FNDA:0,InsurancePool.initiateUnstake
DA:140,0
BRDA:140,3,0,-
DA:141,0
BRDA:141,4,0,-
DA:144,0
DA:145,0
BRDA:145,5,0,-
DA:148,0
DA:153,0
DA:157,0
FN:157,InsurancePool.finaliseUnstake
FNDA:0,InsurancePool.finaliseUnstake
DA:158,0
DA:160,0
BRDA:160,6,0,-
DA:161,0
BRDA:161,7,0,-
DA:163,0
DA:166,0
DA:169,0
DA:170,0
DA:171,0
DA:176,0
DA:178,0
DA:189,0
FN:189,InsurancePool.purchasePolicy
FNDA:0,InsurancePool.purchasePolicy
DA:193,0
BRDA:193,8,0,-
DA:194,0
BRDA:194,9,0,-
DA:197,0
DA:198,0
DA:200,0
BRDA:200,10,0,-
DA:203,0
DA:204,0
DA:212,0
DA:215,0
DA:218,0
DA:220,0
DA:229,0
FN:229,InsurancePool.triggerClaim
FNDA:0,InsurancePool.triggerClaim
DA:231,0
DA:232,0
BRDA:232,11,0,-
DA:234,0
DA:235,0
DA:238,0
DA:239,0
DA:241,0
DA:242,0
DA:245,0
DA:246,0
DA:247,0
DA:248,0
BRDA:248,12,0,-
DA:249,0
DA:250,0
DA:254,0
BRDA:254,13,0,-
DA:257,0
DA:258,0
DA:262,0
DA:263,0
DA:264,0
DA:267,0
DA:268,0
DA:269,0
DA:272,0
DA:281,0
FN:281,InsurancePool.getPremiumRate
FNDA:0,InsurancePool.getPremiumRate
DA:282,0
BRDA:282,14,0,-
DA:286,0
DA:287,0
DA:288,0
DA:293,0
FN:293,InsurancePool.getSolvencyRatio
FNDA:0,InsurancePool.getSolvencyRatio
DA:294,0
BRDA:294,15,0,-
DA:295,0
DA:296,0
DA:305,0
FN:305,InsurancePool.getPolicy
FNDA:0,InsurancePool.getPolicy
DA:315,0
DA:316,0
DA:324,0
FN:324,InsurancePool.pause
FNDA:0,InsurancePool.pause
DA:325,0
DA:329,0
FN:329,InsurancePool.unpause
FNDA:0,InsurancePool.unpause
DA:330,0
FNF:11
FNH:0
LF:86
LH:0
BRF:17
BRH:0
end_of_record
TN:
SF:src/LineageLedger.sol
DA:62,0
FN:62,LineageLedger.constructor
FNDA:0,LineageLedger.constructor
DA:63,0
BRDA:63,0,0,-
BRDA:63,0,1,-
DA:64,0
DA:75,0
FN:75,LineageLedger.ingestWithParent
FNDA:0,LineageLedger.ingestWithParent
DA:80,0
DA:81,0
DA:84,0
DA:92,0
DA:97,0
BRDA:97,1,0,-
DA:98,0
DA:103,0
BRDA:103,2,0,-
DA:105,0
DA:109,0
DA:117,0
FN:117,LineageLedger.queryPurityPremium
FNDA:0,LineageLedger.queryPurityPremium
DA:124,0
DA:125,0
BRDA:125,3,0,-
BRDA:125,3,1,-
DA:128,0
DA:129,0
DA:130,0
DA:132,0
DA:133,0
BRDA:133,4,0,-
DA:135,0
DA:136,0
BRDA:136,5,0,-
DA:138,0
BRDA:138,6,0,-
DA:139,0
DA:141,0
DA:144,0
DA:148,0
BRDA:148,7,0,-
DA:149,0
DA:152,0
DA:153,0
DA:163,0
FN:163,LineageLedger.getNode
FNDA:0,LineageLedger.getNode
DA:164,0
DA:171,0
FN:171,LineageLedger.getLineageDepth
FNDA:0,LineageLedger.getLineageDepth
DA:172,0
DA:175,0
DA:176,0
BRDA:176,8,0,-
DA:178,0
DA:179,0
BRDA:179,9,0,-
DA:181,0
DA:182,0
FNF:5
FNH:0
LF:41
LH:0
BRF:12
BRH:0
end_of_record
TN:
SF:src/MandateEchoOracle.sol
DA:73,0
FN:73,MandateEchoOracle.constructor
FNDA:0,MandateEchoOracle.constructor
DA:74,0
DA:84,0
FN:84,MandateEchoOracle.commitVector
FNDA:0,MandateEchoOracle.commitVector
DA:85,0
BRDA:85,0,0,-
BRDA:85,0,1,-
DA:88,0
DA:89,0
BRDA:89,1,0,-
DA:90,0
BRDA:90,2,0,-
BRDA:90,2,1,-
DA:97,0
DA:100,0
DA:109,0
DA:110,0
DA:112,0
DA:121,0
FN:121,MandateEchoOracle.decryptForSubscriber
FNDA:0,MandateEchoOracle.decryptForSubscriber
DA:128,0
BRDA:128,3,0,-
BRDA:128,3,1,-
DA:132,0
DA:139,0
FN:139,MandateEchoOracle.getEchoReliabilityScore
FNDA:0,MandateEchoOracle.getEchoReliabilityScore
DA:145,0
DA:146,0
BRDA:146,4,0,-
DA:147,0
DA:151,0
DA:154,0
BRDA:154,5,0,-
DA:155,0
DA:158,0
DA:164,0
FN:164,MandateEchoOracle.getEcho
FNDA:0,MandateEchoOracle.getEcho
DA:165,0
DA:177,0
FN:177,MandateEchoOracle.revealVector
FNDA:0,MandateEchoOracle.revealVector
DA:181,0
DA:182,0
BRDA:182,6,0,-
BRDA:182,6,1,-
DA:183,0
BRDA:183,7,0,-
BRDA:183,7,1,-
DA:186,0
DA:187,0
DA:188,0
DA:191,0
BRDA:191,8,0,-
DA:192,0
DA:195,0
DA:198,0
DA:199,0
DA:208,0
FN:208,MandateEchoOracle._enforceSpamMitigation
FNDA:0,MandateEchoOracle._enforceSpamMitigation
DA:210,0
BRDA:210,9,0,-
DA:212,0
DA:213,0
DA:217,0
DA:218,0
DA:224,0
BRDA:224,10,0,-
BRDA:224,10,1,-
DA:225,0
DA:226,0
BRDA:226,11,0,-
BRDA:226,11,1,-
DA:229,0
BRDA:229,12,0,-
BRDA:229,12,1,-
DA:239,0
FN:239,MandateEchoOracle.withdrawFees
FNDA:0,MandateEchoOracle.withdrawFees
DA:240,0
BRDA:240,13,0,-
BRDA:240,13,1,-
DA:241,0
DA:242,0
BRDA:242,14,0,-
BRDA:242,14,1,-
DA:244,0
DA:245,0
BRDA:245,15,0,-
BRDA:245,15,1,-
FNF:8
FNH:0
LF:53
LH:0
BRF:27
BRH:0
end_of_record
TN:
SF:src/MapRegistry.sol
DA:65,0
FN:65,MapRegistry.constructor
FNDA:0,MapRegistry.constructor
DA:66,0
BRDA:66,0,0,-
BRDA:66,0,1,-
DA:67,0
DA:68,0
DA:78,0
FN:78,MapRegistry.getTileInfo
FNDA:0,MapRegistry.getTileInfo
DA:79,0
DA:85,0
FN:85,MapRegistry.getTileOwner
FNDA:0,MapRegistry.getTileOwner
DA:86,0
DA:92,0
FN:92,MapRegistry.getTileTerrain
FNDA:0,MapRegistry.getTileTerrain
DA:93,0
DA:99,0
FN:99,MapRegistry.isTileEmpty
FNDA:0,MapRegistry.isTileEmpty
DA:100,0
DA:108,0
FN:108,MapRegistry.getAdjacentTiles
FNDA:0,MapRegistry.getAdjacentTiles
DA:110,0
DA:111,0
DA:116,0
DA:117,0
DA:118,0
DA:119,0
DA:122,0
DA:123,0
DA:124,0
DA:125,0
DA:127,0
DA:139,0
FN:139,MapRegistry.claimTile
FNDA:0,MapRegistry.claimTile
DA:141,0
BRDA:141,1,0,-
BRDA:141,1,1,-
DA:144,0
DA:145,0
BRDA:145,2,0,-
BRDA:145,2,1,-
DA:149,0
DA:152,0
DA:155,0
DA:162,0
FN:162,MapRegistry.transferTileOwnership
FNDA:0,MapRegistry.transferTileOwnership
DA:164,0
BRDA:164,3,0,-
BRDA:164,3,1,-
DA:167,0
DA:168,0
BRDA:168,4,0,-
BRDA:168,4,1,-
DA:171,0
DA:174,0
DA:175,0
DA:178,0
DA:189,0
FN:189,MapRegistry.setBuilding
FNDA:0,MapRegistry.setBuilding
DA:191,0
BRDA:191,5,0,-
BRDA:191,5,1,-
DA:194,0
BRDA:194,6,0,-
BRDA:194,6,1,-
DA:197,0
DA:198,0
DA:201,0
DA:207,0
FN:207,MapRegistry.clearBuilding
FNDA:0,MapRegistry.clearBuilding
DA:209,0
BRDA:209,7,0,-
BRDA:209,7,1,-
DA:212,0
DA:213,0
DA:216,0
DA:227,0
FN:227,MapRegistry.setTerrain
FNDA:0,MapRegistry.setTerrain
DA:228,0
BRDA:228,8,0,-
BRDA:228,8,1,-
DA:230,0
DA:231,0
DA:238,0
FN:238,MapRegistry.batchSetTerrain
FNDA:0,MapRegistry.batchSetTerrain
DA:239,0
BRDA:239,9,0,-
BRDA:239,9,1,-
DA:241,0
DA:242,0
BRDA:242,10,0,-
BRDA:242,10,1,-
DA:243,0
DA:244,0
FNF:12
FNH:0
LF:60
LH:0
BRF:22
BRH:0
end_of_record
TN:
SF:src/OrderBook.sol
DA:128,0
FN:128,OrderBook.constructor
FNDA:0,OrderBook.constructor
DA:135,0
BRDA:135,0,0,-
BRDA:135,0,1,-
DA:136,0
BRDA:136,1,0,-
BRDA:136,1,1,-
DA:137,0
BRDA:137,2,0,-
BRDA:137,2,1,-
DA:138,0
BRDA:138,3,0,-
BRDA:138,3,1,-
DA:139,0
BRDA:139,4,0,-
BRDA:139,4,1,-
DA:141,0
DA:142,0
DA:143,0
DA:144,0
DA:146,0
DA:147,0
DA:155,0
FN:155,OrderBook.pause
FNDA:0,OrderBook.pause
DA:156,0
DA:160,0
FN:160,OrderBook.unpause
FNDA:0,OrderBook.unpause
DA:161,0
DA:175,0
FN:175,OrderBook.placeOrder
FNDA:0,OrderBook.placeOrder
DA:182,0
DA:185,0
BRDA:185,5,0,-
DA:186,0
DA:190,0
DA:191,0
DA:203,0
DA:206,0
DA:209,0
DA:210,0
DA:211,0
DA:213,0
DA:224,0
FN:224,OrderBook.cancelOrder
FNDA:0,OrderBook.cancelOrder
DA:226,0
DA:227,0
BRDA:227,6,0,-
DA:228,0
BRDA:228,7,0,-
DA:229,0
BRDA:229,8,0,-
DA:232,0
DA:235,0
DA:238,0
DA:239,0
BRDA:239,9,0,-
DA:240,0
DA:244,0
DA:247,0
DA:248,0
DA:249,0
DA:262,0
FN:262,OrderBook.matchOrder
FNDA:0,OrderBook.matchOrder
DA:269,0
DA:270,0
BRDA:270,10,0,-
DA:271,0
BRDA:271,11,0,-
DA:274,0
DA:275,0
BRDA:275,12,0,-
DA:276,0
DA:280,0
BRDA:280,13,0,-
DA:283,0
DA:287,0
DA:288,0
BRDA:288,14,0,-
DA:291,0
DA:294,0
BRDA:294,15,0,-
DA:295,0
DA:299,0
DA:302,0
DA:305,0
DA:308,0
DA:309,0
DA:310,0
DA:313,0
DA:314,0
DA:316,0
DA:326,0
FN:326,OrderBook.getOrder
FNDA:0,OrderBook.getOrder
DA:327,0
DA:333,0
FN:333,OrderBook.getRemainingAmount
FNDA:0,OrderBook.getRemainingAmount
DA:334,0
DA:335,0
BRDA:335,16,0,-
DA:336,0
DA:342,0
FN:342,OrderBook.canPlaceOrder
FNDA:0,OrderBook.canPlaceOrder
DA:343,0
DA:349,0
FN:349,OrderBook.canCancelOrder
FNDA:0,OrderBook.canCancelOrder
DA:350,0
DA:356,0
FN:356,OrderBook.canMatchOrder
FNDA:0,OrderBook.canMatchOrder
DA:357,0
FNF:11
FNH:0
LF:77
LH:0
BRF:22
BRH:0
end_of_record
TN:
SF:src/PredictionMarket.sol
DA:120,0
FN:120,PredictionMarket.constructor
FNDA:0,PredictionMarket.constructor
DA:121,0
BRDA:121,0,0,-
DA:122,0
BRDA:122,1,0,-
DA:124,0
DA:126,0
DA:127,0
DA:139,0
FN:139,PredictionMarket.createMarket
FNDA:0,PredictionMarket.createMarket
DA:145,0
DA:146,0
DA:157,0
DA:159,0
DA:161,0
DA:165,0
FN:165,PredictionMarket.createMarketGetAddress
FNDA:0,PredictionMarket.createMarketGetAddress
DA:171,0
DA:172,0
DA:183,0
DA:185,0
DA:187,0
DA:195,0
FN:195,PredictionMarket.getMarketCount
FNDA:0,PredictionMarket.getMarketCount
DA:196,0
DA:200,0
FN:200,PredictionMarket.getMarketAddress
FNDA:0,PredictionMarket.getMarketAddress
DA:201,0
DA:205,0
FN:205,PredictionMarket.getMarket
FNDA:0,PredictionMarket.getMarket
DA:206,0
DA:218,0
FN:218,PredictionMarket.buyOutcome
FNDA:0,PredictionMarket.buyOutcome
DA:223,0
BRDA:223,2,0,-
DA:225,0
DA:228,0
BRDA:228,3,0,-
BRDA:228,3,1,-
DA:231,0
DA:234,0
DA:239,0
DA:240,0
DA:242,0
BRDA:242,4,0,-
BRDA:242,4,1,-
DA:244,0
DA:245,0
DA:246,0
DA:249,0
DA:250,0
DA:253,0
DA:254,0
DA:255,0
DA:258,0
DA:259,0
DA:263,0
BRDA:263,5,0,-
BRDA:263,5,1,-
DA:264,0
DA:266,0
DA:269,0
DA:271,0
DA:281,0
FN:281,PredictionMarket.resolveMarket
FNDA:0,PredictionMarket.resolveMarket
DA:285,0
DA:288,0
BRDA:288,6,0,-
BRDA:288,6,1,-
DA:289,0
BRDA:289,7,0,-
BRDA:289,7,1,-
DA:290,0
BRDA:290,8,0,-
BRDA:290,8,1,-
DA:293,0
DA:294,0
DA:296,0
DA:306,0
FN:306,PredictionMarket.claimWinnings
FNDA:0,PredictionMarket.claimWinnings
DA:311,0
DA:314,0
BRDA:314,9,0,-
BRDA:314,9,1,-
DA:316,0
DA:317,0
DA:321,0
DA:323,0
BRDA:323,10,0,-
BRDA:323,10,1,-
DA:325,0
BRDA:325,11,0,-
DA:327,0
DA:330,0
DA:331,0
BRDA:331,12,0,-
DA:333,0
BRDA:333,13,0,-
DA:335,0
DA:338,0
DA:342,0
BRDA:342,14,0,-
DA:343,0
DA:346,0
DA:348,0
DA:359,0
FN:359,PredictionMarket.getOdds
FNDA:0,PredictionMarket.getOdds
DA:364,0
DA:365,0
DA:367,0
BRDA:367,15,0,-
BRDA:367,15,1,-
DA:368,0
DA:369,0
DA:371,0
DA:372,0
DA:377,0
FN:377,PredictionMarket.getPosition
FNDA:0,PredictionMarket.getPosition
DA:382,0
DA:383,0
FNF:11
FNH:0
LF:85
LH:0
BRF:25
BRH:0
end_of_record
TN:
SF:src/RateToken.sol
DA:20,0
FN:20,RateToken.constructor
FNDA:0,RateToken.constructor
DA:21,0
BRDA:21,0,0,-
DA:23,0
DA:24,0
DA:26,0
DA:32,0
FN:32,RateToken.mint
FNDA:0,RateToken.mint
DA:33,0
FNF:2
FNH:0
LF:7
LH:0
BRF:1
BRH:0
end_of_record
TN:
SF:src/ReflexWindowManager.sol
DA:46,0
FN:46,ReflexWindowManager.constructor
FNDA:0,ReflexWindowManager.constructor
DA:47,0
DA:56,0
FN:56,ReflexWindowManager.openReflexWindow
FNDA:0,ReflexWindowManager.openReflexWindow
DA:57,0
DA:58,0
DA:60,0
DA:66,0
DA:73,0
FN:73,ReflexWindowManager.closeReflexWindow
FNDA:0,ReflexWindowManager.closeReflexWindow
DA:74,0
DA:75,0
DA:83,0
FN:83,ReflexWindowManager.isReflexActive
FNDA:0,ReflexWindowManager.isReflexActive
DA:84,0
DA:87,0
DA:93,0
FN:93,ReflexWindowManager.getReflexWindow
FNDA:0,ReflexWindowManager.getReflexWindow
DA:94,0
DA:104,0
FN:104,ReflexWindowManager.markNonceUsed
FNDA:0,ReflexWindowManager.markNonceUsed
DA:105,0
DA:106,0
DA:113,0
FN:113,ReflexWindowManager.hasUsedNonce
FNDA:0,ReflexWindowManager.hasUsedNonce
DA:114,0
FNF:7
FNH:0
LF:20
LH:0
BRF:0
BRH:0
end_of_record
TN:
SF:src/ReputationLedger.sol
DA:42,0
FN:42,ReputationLedger.constructor
FNDA:0,ReputationLedger.constructor
DA:43,0
BRDA:43,0,0,-
BRDA:43,0,1,-
DA:44,0
DA:57,0
FN:57,ReputationLedger.recordTransaction
FNDA:0,ReputationLedger.recordTransaction
DA:61,0
BRDA:61,1,0,-
BRDA:61,1,1,-
DA:65,0
DA:67,0
BRDA:67,2,0,-
DA:69,0
DA:70,0
DA:71,0
DA:74,0
DA:75,0
DA:76,0
DA:87,0
FN:87,ReputationLedger.getReputation
FNDA:0,ReputationLedger.getReputation
DA:88,0
DA:94,0
FN:94,ReputationLedger.getReputationBatch
FNDA:0,ReputationLedger.getReputationBatch
DA:95,0
DA:96,0
DA:97,0
FNF:4
FNH:0
LF:19
LH:0
BRF:5
BRH:0
end_of_record
TN:
SF:src/ResourceToken.sol
DA:20,0
FN:20,ResourceToken.constructor
FNDA:0,ResourceToken.constructor
DA:21,0
BRDA:21,0,0,-
DA:23,0
DA:24,0
DA:30,0
FN:30,ResourceToken.mint
FNDA:0,ResourceToken.mint
DA:31,0
FNF:2
FNH:0
LF:6
LH:0
BRF:1
BRH:0
end_of_record
TN:
SF:src/ResourceTokenFactory.sol
DA:25,0
FN:25,ResourceTokenFactory.constructor
FNDA:0,ResourceTokenFactory.constructor
DA:26,0
BRDA:26,0,0,-
DA:28,0
DA:29,0
DA:36,0
FN:36,ResourceTokenFactory.deployResource
FNDA:0,ResourceTokenFactory.deployResource
DA:41,0
BRDA:41,1,0,-
DA:42,0
DA:45,0
DA:46,0
DA:48,0
DA:49,0
DA:51,0
DA:58,0
FN:58,ResourceTokenFactory.setMintAuthority
FNDA:0,ResourceTokenFactory.setMintAuthority
DA:59,0
DA:60,0
BRDA:60,2,0,-
BRDA:60,2,1,-
DA:61,0
DA:63,0
DA:66,0
DA:72,0
FN:72,ResourceTokenFactory.getTokenAddress
FNDA:0,ResourceTokenFactory.getTokenAddress
DA:73,0
DA:77,0
FN:77,ResourceTokenFactory.deployedTokenCount
FNDA:0,ResourceTokenFactory.deployedTokenCount
DA:78,0
FNF:5
FNH:0
LF:22
LH:0
BRF:4
BRH:0
end_of_record
TN:
SF:src/RoleRegistry.sol
DA:58,20
FN:58,RoleRegistry.constructor
FNDA:20,RoleRegistry.constructor
DA:59,20
BRDA:59,0,0,1
BRDA:59,0,1,19
DA:60,19
DA:61,19
DA:72,3026
FN:72,RoleRegistry.assignRole
FNDA:3026,RoleRegistry.assignRole
DA:73,3025
BRDA:73,1,0,-
BRDA:73,1,1,3025
DA:74,3025
BRDA:74,2,0,-
BRDA:74,2,1,3025
DA:76,3025
DA:77,3025
DA:79,3025
DA:85,4026
FN:85,RoleRegistry.getRole
FNDA:4026,RoleRegistry.getRole
DA:86,4026
BRDA:86,3,0,-
BRDA:86,3,1,4026
DA:87,4026
DA:98,8
FN:98,RoleRegistry.resetEpoch
FNDA:8,RoleRegistry.resetEpoch
DA:107,7
DA:109,7
FNF:4
FNH:4
LF:16
LH:16
BRF:8
BRH:5
end_of_record
TN:
SF:test/OrderBook.t.sol
DA:572,0
FN:572,MaliciousToken.constructor
FNDA:0,MaliciousToken.constructor
DA:573,0
DA:576,0
FN:576,MaliciousToken.setReentrant
FNDA:0,MaliciousToken.setReentrant
DA:577,0
DA:578,0
DA:581,0
FN:581,MaliciousToken.mint
FNDA:0,MaliciousToken.mint
DA:582,0
DA:583,0
DA:584,0
DA:587,0
FN:587,MaliciousToken.approve
FNDA:0,MaliciousToken.approve
DA:588,0
DA:589,0
DA:590,0
DA:593,0
FN:593,MaliciousToken.transfer
FNDA:0,MaliciousToken.transfer
DA:594,0
DA:597,0
FN:597,MaliciousToken.transferFrom
FNDA:0,MaliciousToken.transferFrom
DA:598,0
BRDA:598,0,0,-
DA:599,0
DA:601,0
DA:604,0
FN:604,MaliciousToken._transfer
FNDA:0,MaliciousToken._transfer
DA:605,0
DA:606,0
DA:607,0
DA:610,0
BRDA:610,1,0,-
DA:611,0
DA:613,0
BRDA:613,2,0,-
DA:620,0
FNF:7
FNH:0
LF:27
LH:0
BRF:3
BRH:0
end_of_record
